Determining if the pthread_create exist failed with the following output:
Change Dir: /home/djq/learn-slam14/ch6/build/CMakeFiles/CMakeTmp

Run Build Command:"/usr/bin/make" "cmTC_ac6fe/fast"
/usr/bin/make -f CMakeFiles/cmTC_ac6fe.dir/build.make CMakeFiles/cmTC_ac6fe.dir/build
make[1]: Entering directory '/home/djq/learn-slam14/ch6/build/CMakeFiles/CMakeTmp'
Building C object CMakeFiles/cmTC_ac6fe.dir/CheckSymbolExists.c.o
/usr/bin/cc     -o CMakeFiles/cmTC_ac6fe.dir/CheckSymbolExists.c.o   -c /home/djq/learn-slam14/ch6/build/CMakeFiles/CMakeTmp/CheckSymbolExists.c
Linking C executable cmTC_ac6fe
/usr/bin/cmake -E cmake_link_script CMakeFiles/cmTC_ac6fe.dir/link.txt --verbose=1
/usr/bin/cc       CMakeFiles/cmTC_ac6fe.dir/CheckSymbolExists.c.o  -o cmTC_ac6fe -rdynamic 
CMakeFiles/cmTC_ac6fe.dir/CheckSymbolExists.c.o：在函数‘main’中：
CheckSymbolExists.c:(.text+0x16)：对‘pthread_create’未定义的引用
collect2: error: ld returned 1 exit status
CMakeFiles/cmTC_ac6fe.dir/build.make:97: recipe for target 'cmTC_ac6fe' failed
make[1]: *** [cmTC_ac6fe] Error 1
make[1]: Leaving directory '/home/djq/learn-slam14/ch6/build/CMakeFiles/CMakeTmp'
Makefile:126: recipe for target 'cmTC_ac6fe/fast' failed
make: *** [cmTC_ac6fe/fast] Error 2

File /home/djq/learn-slam14/ch6/build/CMakeFiles/CMakeTmp/CheckSymbolExists.c:
/* */
#include <pthread.h>

int main(int argc, char** argv)
{
  (void)argv;
#ifndef pthread_create
  return ((int*)(&pthread_create))[argc];
#else
  (void)argc;
  return 0;
#endif
}

Determining if the function pthread_create exists in the pthreads failed with the following output:
Change Dir: /home/djq/learn-slam14/ch6/build/CMakeFiles/CMakeTmp

Run Build Command:"/usr/bin/make" "cmTC_cdae4/fast"
/usr/bin/make -f CMakeFiles/cmTC_cdae4.dir/build.make CMakeFiles/cmTC_cdae4.dir/build
make[1]: Entering directory '/home/djq/learn-slam14/ch6/build/CMakeFiles/CMakeTmp'
Building C object CMakeFiles/cmTC_cdae4.dir/CheckFunctionExists.c.o
/usr/bin/cc    -DCHECK_FUNCTION_EXISTS=pthread_create   -o CMakeFiles/cmTC_cdae4.dir/CheckFunctionExists.c.o   -c /usr/share/cmake-3.5/Modules/CheckFunctionExists.c
Linking C executable cmTC_cdae4
/usr/bin/cmake -E cmake_link_script CMakeFiles/cmTC_cdae4.dir/link.txt --verbose=1
/usr/bin/cc   -DCHECK_FUNCTION_EXISTS=pthread_create    CMakeFiles/cmTC_cdae4.dir/CheckFunctionExists.c.o  -o cmTC_cdae4 -rdynamic -lpthreads 
/usr/bin/ld: 找不到 -lpthreads
collect2: error: ld returned 1 exit status
CMakeFiles/cmTC_cdae4.dir/build.make:97: recipe for target 'cmTC_cdae4' failed
make[1]: *** [cmTC_cdae4] Error 1
make[1]: Leaving directory '/home/djq/learn-slam14/ch6/build/CMakeFiles/CMakeTmp'
Makefile:126: recipe for target 'cmTC_cdae4/fast' failed
make: *** [cmTC_cdae4/fast] Error 2


